2026-04-13 20:28:23,052 – DEBUG – 1-я итерация
2026-04-13 20:28:23,052 – INFO – КЗ на W2
2026-04-13 20:28:23,053 – INFO – Тип КЗ: TwoPhaseFault; Iкз = 22.858 кА
2026-04-13 20:28:23,354 – INFO – Сработала резервная защита Relematica
2026-04-13 20:28:23,354 – INFO – Переключены выключатели:
2026-04-13 20:28:23,354 – INFO – QF2: ОТКЛ
2026-04-13 20:28:24,354 – DEBUG – 2-я итерация
2026-04-13 20:28:24,354 – INFO – КЗ на W4
2026-04-13 20:28:24,354 – INFO – Тип КЗ: OnePhaseFault; Iкз = 21.877 кА
2026-04-13 20:28:24,655 – INFO – Сработала резервная защита Relematica
2026-04-13 20:28:24,655 – INFO – Переключены выключатели:
2026-04-13 20:28:24,655 – INFO – QF4: ОТКЛ
2026-04-13 20:28:25,656 – DEBUG – 3-я итерация
2026-04-13 20:28:25,656 – INFO – КЗ на W2
2026-04-13 20:28:25,656 – INFO – Тип КЗ: ThreePhaseFault; Iкз = 35.857 кА
2026-04-13 20:28:25,957 – INFO – Сработала резервная защита Relematica
2026-04-13 20:28:25,957 – INFO – Переключены выключатели:
2026-04-13 20:28:25,957 – INFO – QF2: ОТКЛ
2026-04-13 20:28:26,957 – DEBUG – 4-я итерация
2026-04-13 20:28:26,958 – INFO – КЗ на B1_2
2026-04-13 20:28:26,958 – INFO – Тип КЗ: ThreePhaseFault; Iкз = 29.078 кА
2026-04-13 20:28:27,258 – INFO – Сработала резервная защита Siemens
2026-04-13 20:28:27,258 – INFO – Переключены выключатели:
2026-04-13 20:28:27,258 – INFO – QF3: ОТКЛ, QF4: ОТКЛ, QF5: ВКЛ, QF7: ОТКЛ
2026-04-13 20:28:28,259 – DEBUG – 5-я итерация
2026-04-13 20:28:28,259 – INFO – КЗ на B2_2
2026-04-13 20:28:28,259 – INFO – Тип КЗ: OnePhaseFault; Iкз = 15.424 кА
2026-04-13 20:28:28,359 – INFO – Сработала основная защита Siemens
2026-04-13 20:28:28,359 – INFO – Переключены выключатели:
2026-04-13 20:28:28,359 – INFO – QF12: ОТКЛ, QF13: ВКЛ, QF9: ОТКЛ, QF11: ОТКЛ
2026-04-13 20:28:29,360 – DEBUG – 6-я итерация
2026-04-13 20:28:29,360 – INFO – КЗ на B2_1
2026-04-13 20:28:29,360 – INFO – Тип КЗ: ThreePhaseFault; Iкз = 31.332 кА
2026-04-13 20:28:29,660 – INFO – Сработала резервная защита Siemens
2026-04-13 20:28:29,660 – INFO – Переключены выключатели:
2026-04-13 20:28:29,660 – INFO – QF10: ОТКЛ, QF13: ВКЛ, QF8: ОТКЛ
2026-04-13 20:28:30,661 – DEBUG – 7-я итерация
2026-04-13 20:28:30,661 – INFO – КЗ на W7
2026-04-13 20:28:30,661 – INFO – Тип КЗ: OnePhaseFault; Iкз = 22.170 кА
2026-04-13 20:28:30,962 – WARNING – Защита не сработала
2026-04-13 20:28:30,962 – WARNING – Оборудование W7 повреждено
2026-04-13 20:28:31,962 – DEBUG – 8-я итерация
2026-04-13 20:28:31,962 – INFO – КЗ на W1
2026-04-13 20:28:31,962 – INFO – Тип КЗ: OnePhaseFault; Iкз = 18.388 кА
2026-04-13 20:28:32,063 – INFO – Сработала основная защита Relematica
2026-04-13 20:28:32,063 – INFO – Переключены выключатели:
2026-04-13 20:28:32,063 – INFO – QF1: ОТКЛ
2026-04-13 20:28:33,063 – DEBUG – 9-я итерация
2026-04-13 20:28:33,063 – INFO – КЗ на W7
2026-04-13 20:28:33,063 – INFO – Тип КЗ: TwoPhaseFault; Iкз = 28.742 кА
2026-04-13 20:28:33,364 – WARNING – Защита не сработала
2026-04-13 20:28:33,364 – WARNING – Оборудование W7 повреждено
2026-04-13 20:28:34,364 – DEBUG – 10-я итерация
2026-04-13 20:28:34,364 – INFO – КЗ на W5
2026-04-13 20:28:34,364 – INFO – Тип КЗ: OnePhaseFault; Iкз = 18.116 кА
2026-04-13 20:28:34,665 – WARNING – Защита не сработала
2026-04-13 20:28:34,665 – WARNING – Оборудование W5 повреждено
